#
# There is insufficient memory for the Java Runtime Environment to continue.
# Native memory allocation (mmap) failed to map 134217728 bytes. Error detail: G1 virtual space
# Possible reasons:
#   The system is out of physical RAM or swap space
#   This process is running with CompressedOops enabled, and the Java Heap may be blocking the growth of the native heap
# Possible solutions:
#   Reduce memory load on the system
#   Increase physical memory or swap space
#   Check if swap backing store is full
#   Decrease Java heap size (-Xmx/-Xms)
#   Decrease number of Java threads
#   Decrease Java thread stack sizes (-Xss)
#   Set larger code cache with -XX:ReservedCodeCacheSize=
#   JVM is running with Unscaled Compressed Oops mode in which the Java heap is
#     placed in the first 4GB address space. The Java Heap base address is the
#     maximum limit for the native heap growth. Please use -XX:HeapBaseMinAddress
#     to set the Java Heap base and to place the Java Heap above 4GB virtual address.
# This output file may be truncated or incomplete.
#
#  Out of Memory Error (os_windows.cpp:3925), pid=7736, tid=14224
#
# JRE version:  (21.0.8) (build )
# Java VM: OpenJDK 64-Bit Server VM (21.0.8+-14196175-b1038.72, mixed mode, sharing, tiered, compressed oops, compressed class ptrs, g1 gc, windows-amd64)
# No core dump will be written. Minidumps are not enabled by default on client versions of Windows
#

---------------  S U M M A R Y ------------

Command Line: 

Host: Intel(R) Core(TM) i7-7560U CPU @ 2.40GHz, 4 cores, 7G,  Windows 10 , 64 bit Build 19041 (10.0.19041.5915)
Time: Wed Dec 10 19:24:22 2025 Pakistan Standard Time elapsed time: 0.573382 seconds (0d 0h 0m 0s)

---------------  T H R E A D  ---------------

Current thread (0x000001ca141128a0):  JavaThread "Unknown thread" [_thread_in_vm, id=14224, stack(0x000000b583200000,0x000000b583300000) (1024K)]

Stack: [0x000000b583200000,0x000000b583300000]
Native frames: (J=compiled Java code, j=interpreted, Vv=VM code, C=native code)
V  [jvm.dll+0x6d68d9]
V  [jvm.dll+0x866693]
V  [jvm.dll+0x868c4e]
V  [jvm.dll+0x869333]
V  [jvm.dll+0x280566]
V  [jvm.dll+0x6d3195]
V  [jvm.dll+0x6c69ea]
V  [jvm.dll+0x3586db]
V  [jvm.dll+0x360336]
V  [jvm.dll+0x3b23f6]
V  [jvm.dll+0x3b26c8]
V  [jvm.dll+0x32ae6c]
V  [jvm.dll+0x32bb5b]
V  [jvm.dll+0x82e109]
V  [jvm.dll+0x3bf5c8]
V  [jvm.dll+0x817388]
V  [jvm.dll+0x453b6e]
V  [jvm.dll+0x4552d1]
C  [jli.dll+0x52ab]
C  [ucrtbase.dll+0x21bb2]
C  [KERNEL32.DLL+0x17374]
C  [ntdll.dll+0x4cc91]


---------------  P R O C E S S  ---------------

Threads class SMR info:
_java_thread_list=0x00007ffed130b988, length=0, elements={
}

Java Threads: ( => current thread )
Total: 0

Other Threads:
  0x000001ca163f2e60 WorkerThread "GC Thread#0"                     [id=10668, stack(0x000000b583300000,0x000000b583400000) (1024K)]
  0x000001ca16403bc0 ConcurrentGCThread "G1 Main Marker"            [id=14148, stack(0x000000b583400000,0x000000b583500000) (1024K)]
  0x000001ca164046c0 WorkerThread "G1 Conc#0"                       [id=10112, stack(0x000000b583500000,0x000000b583600000) (1024K)]

[error occurred during error reporting (printing all threads), id 0xc0000005, EXCEPTION_ACCESS_VIOLATION (0xc0000005) at pc=0x00007ffed0afddd7]
VM state: not at safepoint (not fully initialized)

VM Mutex/Monitor currently owned by a thread:  ([mutex/lock_event])
[0x00007ffed13786b8] Heap_lock - owner thread: 0x000001ca141128a0

Heap address: 0x0000000081400000, size: 2028 MB, Compressed Oops mode: 32-bit

CDS archive(s) mapped at: [0x0000000000000000-0x0000000000000000-0x0000000000000000), size 0, SharedBaseAddress: 0x0000000800000000, ArchiveRelocationMode: 1.
Narrow klass base: 0x0000000000000000, Narrow klass shift: 0, Narrow klass range: 0x0

GC Precious Log:
 CardTable entry size: 512
 Card Set container configuration: InlinePtr #cards 5 size 8 Array Of Cards #cards 12 size 40 Howl #buckets 4 coarsen threshold 1843 Howl Bitmap #cards 512 size 80 coarsen threshold 460 Card regions per heap region 1 cards per card region 2048

Heap:
 garbage-first heap   total 0K, used 0K [0x0000000081400000, 0x0000000100000000)
  region size 1024K, 0 young (0K), 0 survivors (0K)
 Metaspace       used 0K, committed 0K, reserved 0K
  class space    used 0K, committed 0K, reserved 0K

Heap Regions: E=young(eden), S=young(survivor), O=old, HS=humongous(starts), HC=humongous(continues), CS=collection set, F=free, TAMS=top-at-mark-start, PB=parsable bottom

Card table byte_map: [0x000001ca28900000,0x000001ca28d00000] _byte_map_base: 0x000001ca284f6000

Marking Bits: (CMBitMap*) 0x000001ca163f3560
 Bits: [0x000001ca28d00000, 0x000001ca2acb0000)

GC Heap History (0 events):
No events

Dll operation events (1 events):
Event: 0.542 Loaded shared library D:\Android Studio\jbr\bin\java.dll

Deoptimization events (0 events):
No events

Classes loaded (0 events):
No events

Classes unloaded (0 events):
No events

Classes redefined (0 events):
No events

Internal exceptions (0 events):
No events

ZGC Phase Switch (0 events):
No events

VM Operations (0 events):
No events

Memory protections (0 events):
No events

Nmethod flushes (0 events):
No events

Events (0 events):
No events


Dynamic libraries:
0x00007ff69cf10000 - 0x00007ff69cf1a000 	D:\Android Studio\jbr\bin\java.EXE
0x00007fff54cd0000 - 0x00007fff54ec8000 	C:\Windows\SYSTEM32\ntdll.dll
0x00007fff537f0000 - 0x00007fff538b2000 	C:\Windows\System32\KERNEL32.DLL
0x00007fff52360000 - 0x00007fff52656000 	C:\Windows\System32\KERNELBASE.dll
0x00007fff526b0000 - 0x00007fff527b0000 	C:\Windows\System32\ucrtbase.dll
0x00007fff2c360000 - 0x00007fff2c378000 	D:\Android Studio\jbr\bin\jli.dll
0x00007fff52ec0000 - 0x00007fff53061000 	C:\Windows\System32\USER32.dll
0x00007fff529d0000 - 0x00007fff529f2000 	C:\Windows\System32\win32u.dll
0x00007fff54c30000 - 0x00007fff54c5b000 	C:\Windows\System32\GDI32.dll
0x00007fff52bd0000 - 0x00007fff52ce9000 	C:\Windows\System32\gdi32full.dll
0x00007fff52a00000 - 0x00007fff52a9d000 	C:\Windows\System32\msvcp_win.dll
0x00007fff429f0000 - 0x00007fff42c8b000 	C:\Windows\WinSxS\amd64_microsoft.windows.common-controls_6595b64144ccf1df_6.0.19041.6456_none_60b8a6cb71f64256\COMCTL32.dll
0x00007fff538c0000 - 0x00007fff5395e000 	C:\Windows\System32\msvcrt.dll
0x00007fff29d00000 - 0x00007fff29d1b000 	D:\Android Studio\jbr\bin\VCRUNTIME140.dll
0x00007fff54c60000 - 0x00007fff54c8f000 	C:\Windows\System32\IMM32.DLL
0x00007fff3b5d0000 - 0x00007fff3b5dc000 	D:\Android Studio\jbr\bin\vcruntime140_1.dll
0x00007fff24420000 - 0x00007fff244ad000 	D:\Android Studio\jbr\bin\msvcp140.dll
0x00007ffed07c0000 - 0x00007ffed1456000 	D:\Android Studio\jbr\bin\server\jvm.dll
0x00007fff53660000 - 0x00007fff53711000 	C:\Windows\System32\ADVAPI32.dll
0x00007fff535c0000 - 0x00007fff5365f000 	C:\Windows\System32\sechost.dll
0x00007fff53960000 - 0x00007fff53a80000 	C:\Windows\System32\RPCRT4.dll
0x00007fff52840000 - 0x00007fff52867000 	C:\Windows\System32\bcrypt.dll
0x00007fff53780000 - 0x00007fff537eb000 	C:\Windows\System32\WS2_32.dll
0x00007fff521c0000 - 0x00007fff5220b000 	C:\Windows\SYSTEM32\POWRPROF.dll
0x00007fff43760000 - 0x00007fff43787000 	C:\Windows\SYSTEM32\WINMM.dll
0x00007fff4c080000 - 0x00007fff4c08a000 	C:\Windows\SYSTEM32\VERSION.dll
0x00007fff521a0000 - 0x00007fff521b2000 	C:\Windows\SYSTEM32\UMPDC.dll
0x00007fff50b80000 - 0x00007fff50b92000 	C:\Windows\SYSTEM32\kernel.appcore.dll
0x00007fff38a40000 - 0x00007fff38a4a000 	D:\Android Studio\jbr\bin\jimage.dll
0x00007fff50070000 - 0x00007fff50271000 	C:\Windows\SYSTEM32\DBGHELP.DLL
0x00007fff43e30000 - 0x00007fff43e64000 	C:\Windows\SYSTEM32\dbgcore.DLL
0x00007fff527b0000 - 0x00007fff52832000 	C:\Windows\System32\bcryptPrimitives.dll
0x00007fff26e10000 - 0x00007fff26e30000 	D:\Android Studio\jbr\bin\java.dll

JVMTI agents: none

dbghelp: loaded successfully - version: 4.0.5 - missing functions: none
symbol engine: initialized successfully - sym options: 0x614 - pdb path: .;D:\Android Studio\jbr\bin;C:\Windows\SYSTEM32;C:\Windows\WinSxS\amd64_microsoft.windows.common-controls_6595b64144ccf1df_6.0.19041.6456_none_60b8a6cb71f64256;D:\Android Studio\jbr\bin\server

VM Arguments:
java_command: <unknown>
java_class_path (initial): <not set>
Launcher Type: SUN_STANDARD

[Global flags]
     intx CICompilerCount                          = 3                                         {product} {ergonomic}
     uint ConcGCThreads                            = 1                                         {product} {ergonomic}
     uint G1ConcRefinementThreads                  = 4                                         {product} {ergonomic}
   size_t G1HeapRegionSize                         = 1048576                                   {product} {ergonomic}
    uintx GCDrainStackTargetSize                   = 64                                        {product} {ergonomic}
   size_t InitialHeapSize                          = 134217728                                 {product} {ergonomic}
   size_t MarkStackSize                            = 4194304                                   {product} {ergonomic}
   size_t MaxHeapSize                              = 2126512128                                {product} {ergonomic}
   size_t MinHeapDeltaBytes                        = 1048576                                   {product} {ergonomic}
   size_t MinHeapSize                              = 8388608                                   {product} {ergonomic}
    uintx NonNMethodCodeHeapSize                   = 5832780                                {pd product} {ergonomic}
    uintx NonProfiledCodeHeapSize                  = 122912730                              {pd product} {ergonomic}
    uintx ProfiledCodeHeapSize                     = 122912730                              {pd product} {ergonomic}
    uintx ReservedCodeCacheSize                    = 251658240                              {pd product} {ergonomic}
     bool SegmentedCodeCache                       = true                                      {product} {ergonomic}
   size_t SoftMaxHeapSize                          = 2126512128                             {manageable} {ergonomic}
     bool UseCompressedOops                        = true                           {product lp64_product} {ergonomic}
     bool UseG1GC                                  = true                                      {product} {ergonomic}
     bool UseLargePagesIndividualAllocation        = false                                  {pd product} {ergonomic}

Logging:
Log output configuration:
 #0: stdout all=warning uptime,level,tags foldmultilines=false
 #1: stderr all=off uptime,level,tags foldmultilines=false

Environment Variables:
JAVA_HOME=C:\Program Files\Java\jdk1.8.0_361
PATH=C:\Users\HI-TECH\flutter_windows_3.32.4-stable\flutter\bin\;C:\Program Files\Microsoft MPI\Bin\;C:\Program Files\Common Files\Oracle\Java\javapath;C:\Windows\system32;C:\Windows;C:\Windows\System32\Wbem;C:\Windows\System32\WindowsPowerShell\v1.0\;C:\Windows\System32\OpenSSH\;C:\Program Files\nodejs\;C:\Program Files (x86)\Microsoft SQL Server\160\Tools\Binn\;C:\Program Files\Microsoft SQL Server\160\Tools\Binn\;C:\Program Files\Microsoft SQL Server\Client SDK\ODBC\170\Tools\Binn\;C:\Program Files\Microsoft SQL Server\160\DTS\Binn\;C:\Program Files (x86)\Microsoft SQL Server\160\DTS\Binn\;C:\Users\HI-TECH\AppData\Local\Android\Sdk\platform-tools;C:\Users\HI-TECH\AppData\Local\Android\Sdk\cmdline-tools\latest\bin;C:\Users\HI-TECH\AppData\Local\Android\Sdk\emulator;C:\Program Files\Docker\Docker\resources\bin;C:\Users\HI-TECH\AppData\Local\Pub\Cache\bin;C:\Users\HI-TECH\flutter_windows_3.32.4-stable\flutter\bin;C:\Users\HI-TECH\AppData\Roaming\npm;C:\Program Files\MySQL\MySQL Shell 8.0\bin\;C:\Program Files\Microsoft MPI\Bin\;C:\Program Files\Common Files\Oracle\Java\javapath;C:\Windows\system32;C:\Windows;C:\Windows\System32\Wbem;C:\Windows\System32\WindowsPowerShell\v1.0\;C:\Windows\System32\OpenSSH\;C:\Program Files\nodejs\;C:\Program Files (x86)\Microsoft SQL Server\160\Tools\Binn\;C:\Program Files\Microsoft SQL Server\160\Tools\Binn\;C:\Program Files\Microsoft SQL Server\Client SDK\ODBC\170\Tools\Binn\;C:\Program Files\Microsoft SQL Server\160\DTS\Binn\;C:\Program Files (x86)\Microsoft SQL Server\160\DTS\Binn\;C:\Users\HI-TECH\AppData\Local\Android\Sdk\platform-tools;C:\Users\HI-TECH\AppData\Local\Android\Sdk\cmdline-tools\latest\bin;C:\Users\HI-TECH\AppData\Local\Android\Sdk\emulator;C:\Program Files\Docker\Docker\resources\bin;C:\Users\HI-TECH\AppData\Local\Pub\Cache\bin;C:\Users\HI-TECH\flutter_windows_3.32.4-stable\flutter\bin;C:\Users\HI-TECH\AppData\Roaming\npm;C:\Android\cmdline-tools\latest\bin;C:\Android\platform-tools;C:\Users\HI-TECH\AppData\Local\Programs\Microsoft VS Code\bin;C:\Users\HI-TECH\flutter_windows_3.32.4-stable\flutter\bin\mingit\cmd
USERNAME=HI-TECH
LANG=en_US.UTF-8
OS=Windows_NT
PROCESSOR_IDENTIFIER=Intel64 Family 6 Model 142 Stepping 9, GenuineIntel
TMP=C:\Users\HI-TECH\AppData\Local\Temp
TEMP=C:\Users\HI-TECH\AppData\Local\Temp




Periodic native trim disabled

JNI global refs:
JNI global refs: 0, weak refs: 0

JNI global refs memory usage: 0, weak refs: 0

Process memory usage:
Resident Set Size: 10612K (0% of 8299252K total physical memory with 331460K free physical memory)

OOME stack traces (most recent first):
Classloader memory used:

---------------  S Y S T E M  ---------------

OS:
 Windows 10 , 64 bit Build 19041 (10.0.19041.5915)
OS uptime: 0 days 0:11 hours
Hyper-V role detected

CPU: total 4 (initial active 4) (2 cores per cpu, 2 threads per core) family 6 model 142 stepping 9 microcode 0xf0, cx8, cmov, fxsr, ht, mmx, 3dnowpref, sse, sse2, sse3, ssse3, sse4.1, sse4.2, popcnt, lzcnt, tsc, tscinvbit, avx, avx2, aes, erms, clmul, bmi1, bmi2, adx, fma, vzeroupper, clflush, clflushopt, hv, rdtscp, f16c
Processor Information for the first 4 processors :
  Max Mhz: 2400, Current Mhz: 2400, Mhz Limit: 2400

Memory: 4k page, system-wide physical 8104M (323M free)
TotalPageFile size 12444M (AvailPageFile size 95M)
current process WorkingSet (physical memory assigned to process): 10M, peak: 10M
current process commit charge ("private bytes"): 51M, peak: 179M

vm_info: OpenJDK 64-Bit Server VM (21.0.8+-14196175-b1038.72) for windows-amd64 JRE (21.0.8+-14196175-b1038.72), built on 2025-10-01T10:24:33Z by "builder" with MS VC++ 16.10 / 16.11 (VS2019)

END.
